TN:
SF:src\createBook.js
FN:5,getSecret
FN:10,(anonymous_1)
FNF:2
FNH:2
FNDA:2,getSecret
FNDA:2,(anonymous_1)
DA:1,1
DA:2,1
DA:3,1
DA:6,2
DA:7,2
DA:10,1
DA:11,2
DA:12,2
DA:14,2
DA:15,1
DA:23,1
DA:24,1
DA:28,1
DA:29,1
DA:34,0
LF:15
LH:14
BRDA:14,0,0,1
BRDA:14,0,1,1
BRDA:14,1,0,2
BRDA:14,1,1,1
BRF:4
BRH:4
end_of_record
TN:
SF:src\deleteBook.js
FN:5,getSecret
FN:10,(anonymous_1)
FNF:2
FNH:2
FNDA:2,getSecret
FNDA:2,(anonymous_1)
DA:1,1
DA:2,1
DA:3,1
DA:6,2
DA:7,2
DA:10,1
DA:11,2
DA:12,2
DA:13,2
DA:15,2
DA:16,1
DA:24,1
DA:29,1
DA:30,1
DA:35,0
LF:15
LH:14
BRDA:15,0,0,1
BRDA:15,0,1,1
BRF:2
BRH:2
end_of_record
TN:
SF:src\getBooks.js
FN:5,getSecret
FN:10,(anonymous_1)
FNF:2
FNH:2
FNDA:1,getSecret
FNDA:1,(anonymous_1)
DA:1,1
DA:2,1
DA:3,1
DA:6,1
DA:7,1
DA:10,1
DA:11,1
DA:12,1
DA:14,1
DA:15,1
DA:17,1
DA:22,0
LF:12
LH:11
BRF:0
BRH:0
end_of_record
TN:
SF:src\updateBook.js
FN:5,getSecret
FN:10,(anonymous_1)
FNF:2
FNH:2
FNDA:2,getSecret
FNDA:2,(anonymous_1)
DA:1,1
DA:2,1
DA:3,1
DA:6,2
DA:7,2
DA:10,1
DA:11,2
DA:12,2
DA:14,2
DA:15,1
DA:22,1
DA:24,1
DA:32,1
DA:33,1
DA:38,0
LF:15
LH:14
BRDA:14,0,0,1
BRDA:14,0,1,1
BRDA:14,1,0,2
BRDA:14,1,1,1
BRF:4
BRH:4
end_of_record
